{
"contracts\\camel.sol":{"l":{"15":3,"16":3,"17":3,"20":1,"23":1,"26":1,"30":9,"31":3,"33":6,"34":6,"35":6,"36":1,"38":5,"40":2,"42":3,"43":3,"46":1,"47":5,"53":0,"57":1,"58":1},"path":"C:\\Users\\Admin\\Desktop\\company\\Camel game\\Camel contract\\Camel contract\\NFT Contract Testing\\contracts\\camel.sol","s":{"1":9,"2":6,"3":6,"4":6,"5":5,"6":3,"7":3,"8":1,"9":5,"10":0,"11":1,"12":1},"b":{"1":[1,0],"2":[1,0],"3":[1,1],"4":[3,6],"5":[1,2],"6":[1,5],"7":[2,3],"8":[1,0],"9":[1,0],"10":[1,0]},"f":{"1":3,"2":1,"3":1,"4":1,"5":9,"6":1,"7":0,"8":1},"fnMap":{"1":{"name":"constructor","line":14,"loc":{"start":{"line":14,"column":4},"end":{"line":18,"column":4}}},"2":{"name":"setTokenAddress","line":19,"loc":{"start":{"line":19,"column":4},"end":{"line":21,"column":4}}},"3":{"name":"setPrice","line":22,"loc":{"start":{"line":22,"column":4},"end":{"line":24,"column":4}}},"4":{"name":"setBaseURI","line":25,"loc":{"start":{"line":25,"column":5},"end":{"line":27,"column":4}}},"5":{"name":"mint","line":29,"loc":{"start":{"line":29,"column":4},"end":{"line":44,"column":4}}},"6":{"name":"reserve","line":45,"loc":{"start":{"line":45,"column":4},"end":{"line":49,"column":4}}},"7":{"name":"_baseURI","line":52,"loc":{"start":{"line":52,"column":5},"end":{"line":54,"column":4}}},"8":{"name":"withdraw","line":56,"loc":{"start":{"line":56,"column":4},"end":{"line":59,"column":4}}}},"statementMap":{"1":{"start":{"line":30,"column":8},"end":{"line":30,"column":990}},"2":{"start":{"line":33,"column":8},"end":{"line":33,"column":39}},"3":{"start":{"line":34,"column":8},"end":{"line":34,"column":45}},"4":{"start":{"line":35,"column":8},"end":{"line":35,"column":1164}},"5":{"start":{"line":38,"column":8},"end":{"line":38,"column":1280}},"6":{"start":{"line":42,"column":8},"end":{"line":42,"column":75}},"7":{"start":{"line":43,"column":8},"end":{"line":43,"column":44}},"8":{"start":{"line":46,"column":8},"end":{"line":46,"column":1602}},"9":{"start":{"line":47,"column":12},"end":{"line":47,"column":39}},"10":{"start":{"line":53,"column":8},"end":{"line":53,"column":22}},"11":{"start":{"line":57,"column":8},"end":{"line":57,"column":68}},"12":{"start":{"line":58,"column":8},"end":{"line":58,"column":57}}},"branchMap":{"1":{"line":19,"type":"if","locations":[{"start":{"line":19,"column":60},"end":{"line":19,"column":60}},{"start":{"line":19,"column":60},"end":{"line":19,"column":60}}]},"2":{"line":22,"type":"if","locations":[{"start":{"line":22,"column":45},"end":{"line":22,"column":45}},{"start":{"line":22,"column":45},"end":{"line":22,"column":45}}]},"3":{"line":25,"type":"if","locations":[{"start":{"line":25,"column":55},"end":{"line":25,"column":55}},{"start":{"line":25,"column":55},"end":{"line":25,"column":55}}]},"4":{"line":30,"type":"if","locations":[{"start":{"line":30,"column":8},"end":{"line":30,"column":8}},{"start":{"line":30,"column":8},"end":{"line":30,"column":8}}]},"5":{"line":30,"type":"cond-expr","locations":[{"start":{"line":30,"column":11},"end":{"line":30,"column":19}},{"start":{"line":30,"column":24},"end":{"line":30,"column":30}}]},"6":{"line":35,"type":"if","locations":[{"start":{"line":35,"column":8},"end":{"line":35,"column":8}},{"start":{"line":35,"column":8},"end":{"line":35,"column":8}}]},"7":{"line":38,"type":"if","locations":[{"start":{"line":38,"column":8},"end":{"line":38,"column":8}},{"start":{"line":38,"column":8},"end":{"line":38,"column":8}}]},"8":{"line":45,"type":"if","locations":[{"start":{"line":45,"column":23},"end":{"line":45,"column":23}},{"start":{"line":45,"column":23},"end":{"line":45,"column":23}}]},"9":{"line":56,"type":"if","locations":[{"start":{"line":56,"column":24},"end":{"line":56,"column":24}},{"start":{"line":56,"column":24},"end":{"line":56,"column":24}}]},"10":{"line":56,"type":"if","locations":[{"start":{"line":56,"column":34},"end":{"line":56,"column":34}},{"start":{"line":56,"column":34},"end":{"line":56,"column":34}}]}}},
"contracts\\ERC20.sol":{"l":{"107":19,"111":0,"112":0,"128":9,"129":9,"131":9,"136":0,"141":10,"142":10,"144":10,"152":0,"153":0,"156":0,"157":0,"159":0,"164":0,"170":0,"171":0,"174":0,"179":0,"184":0,"185":0,"199":3,"200":3,"201":3,"208":0,"215":1,"216":1,"227":0,"228":0,"236":0,"243":0,"244":0,"245":0,"254":0,"255":0,"258":0,"261":0,"265":0,"271":0,"272":0,"300":0,"314":0,"333":0,"354":0,"358":0,"367":0,"370":0,"372":0,"373":0,"376":0,"380":0,"385":0,"407":3,"408":3,"409":3,"411":3,"413":3,"417":1,"421":0,"426":0,"431":0,"436":0,"443":16,"447":4,"448":4,"453":9,"457":5,"458":5,"463":3,"464":3,"466":3,"471":0,"472":0,"477":0,"478":0,"483":0,"484":0,"489":7,"490":7,"492":7,"493":7,"494":7,"499":1,"501":1,"502":1,"503":1,"508":0,"510":0,"511":0,"512":0,"516":8,"517":8,"519":8,"520":8,"525":0,"526":0},"path":"C:\\Users\\Admin\\Desktop\\company\\Camel game\\Camel contract\\Camel contract\\NFT Contract Testing\\contracts\\ERC20.sol","s":{"1":19,"2":0,"3":9,"4":9,"5":9,"6":0,"7":10,"8":10,"9":10,"10":0,"11":0,"12":0,"13":0,"14":0,"15":0,"16":0,"17":0,"18":0,"19":0,"20":0,"21":0,"22":3,"23":3,"24":0,"25":1,"26":0,"27":0,"28":0,"29":0,"30":0,"31":0,"32":0,"33":0,"34":0,"35":0,"36":0,"37":0,"38":0,"39":0,"40":0,"41":0,"42":0,"43":0,"44":0,"45":0,"46":0,"47":3,"48":1,"49":0,"50":0,"51":0,"52":0,"53":16,"54":4,"55":4,"56":9,"57":5,"58":5,"59":3,"60":3,"61":3,"62":0,"63":0,"64":0,"65":0,"66":0,"67":0,"68":7,"69":7,"70":7,"71":1,"72":1,"73":0,"74":0,"75":8,"76":8,"77":8,"78":0,"79":0},"b":{"1":[9,0],"2":[10,0],"3":[0,0],"4":[0,0],"5":[0,0],"6":[0,0],"7":[1,0],"8":[0,0],"9":[0,0],"10":[0,0],"11":[0,0],"12":[0,0],"13":[0,0],"14":[0,0],"15":[0,0],"16":[0,0],"17":[1,0],"18":[7,0],"19":[7,0],"20":[1,0],"21":[0,0],"22":[8,0],"23":[8,0]},"f":{"1":3,"2":19,"3":0,"4":9,"5":0,"6":10,"7":0,"8":0,"9":0,"10":0,"11":0,"12":3,"13":0,"14":1,"15":0,"16":0,"17":0,"18":0,"19":0,"20":0,"21":0,"22":0,"23":0,"24":0,"25":3,"26":1,"27":0,"28":0,"29":0,"30":0,"31":16,"32":4,"33":9,"34":5,"35":3,"36":0,"37":0,"38":0,"39":7,"40":1,"41":0,"42":8,"43":0},"fnMap":{"1":{"name":"constructor","line":104,"loc":{"start":{"line":104,"column":2},"end":{"line":104,"column":20}}},"2":{"name":"_msgSender","line":106,"loc":{"start":{"line":106,"column":2},"end":{"line":108,"column":2}}},"3":{"name":"_msgData","line":110,"loc":{"start":{"line":110,"column":2},"end":{"line":113,"column":2}}},"4":{"name":"add","line":127,"loc":{"start":{"line":127,"column":2},"end":{"line":132,"column":2}}},"5":{"name":"sub","line":135,"loc":{"start":{"line":135,"column":2},"end":{"line":137,"column":2}}},"6":{"name":"sub","line":140,"loc":{"start":{"line":140,"column":2},"end":{"line":145,"column":2}}},"7":{"name":"mul","line":148,"loc":{"start":{"line":148,"column":2},"end":{"line":160,"column":2}}},"8":{"name":"div","line":163,"loc":{"start":{"line":163,"column":2},"end":{"line":165,"column":2}}},"9":{"name":"div","line":168,"loc":{"start":{"line":168,"column":2},"end":{"line":175,"column":2}}},"10":{"name":"mod","line":178,"loc":{"start":{"line":178,"column":2},"end":{"line":180,"column":2}}},"11":{"name":"mod","line":183,"loc":{"start":{"line":183,"column":2},"end":{"line":186,"column":2}}},"12":{"name":"constructor","line":198,"loc":{"start":{"line":198,"column":2},"end":{"line":202,"column":2}}},"13":{"name":"owner","line":207,"loc":{"start":{"line":207,"column":2},"end":{"line":209,"column":2}}},"14":{"name":"onlyOwner","line":214,"loc":{"start":{"line":214,"column":2},"end":{"line":217,"column":2}}},"15":{"name":"renounceOwnership","line":226,"loc":{"start":{"line":226,"column":2},"end":{"line":229,"column":2}}},"16":{"name":"transferOwnership","line":235,"loc":{"start":{"line":235,"column":2},"end":{"line":237,"column":2}}},"17":{"name":"_transferOwnership","line":242,"loc":{"start":{"line":242,"column":2},"end":{"line":246,"column":2}}},"18":{"name":"isContract","line":250,"loc":{"start":{"line":250,"column":4},"end":{"line":262,"column":4}}},"19":{"name":"sendValue","line":264,"loc":{"start":{"line":264,"column":4},"end":{"line":276,"column":4}}},"20":{"name":"functionCall","line":296,"loc":{"start":{"line":296,"column":4},"end":{"line":301,"column":4}}},"21":{"name":"functionCall","line":309,"loc":{"start":{"line":309,"column":4},"end":{"line":315,"column":4}}},"22":{"name":"functionCallWithValue","line":328,"loc":{"start":{"line":328,"column":4},"end":{"line":340,"column":4}}},"23":{"name":"functionCallWithValue","line":348,"loc":{"start":{"line":348,"column":4},"end":{"line":359,"column":4}}},"24":{"name":"_functionCallWithValue","line":361,"loc":{"start":{"line":361,"column":4},"end":{"line":388,"column":4}}},"25":{"name":"constructor","line":406,"loc":{"start":{"line":406,"column":2},"end":{"line":414,"column":2}}},"26":{"name":"mint","line":416,"loc":{"start":{"line":416,"column":2},"end":{"line":418,"column":4}}},"27":{"name":"decimals","line":420,"loc":{"start":{"line":420,"column":2},"end":{"line":422,"column":2}}},"28":{"name":"symbol","line":425,"loc":{"start":{"line":425,"column":2},"end":{"line":427,"column":2}}},"29":{"name":"name","line":430,"loc":{"start":{"line":430,"column":2},"end":{"line":432,"column":2}}},"30":{"name":"totalSupply","line":435,"loc":{"start":{"line":435,"column":2},"end":{"line":437,"column":2}}},"31":{"name":"balanceOf","line":442,"loc":{"start":{"line":442,"column":2},"end":{"line":444,"column":2}}},"32":{"name":"transfer","line":446,"loc":{"start":{"line":446,"column":2},"end":{"line":449,"column":2}}},"33":{"name":"allowance","line":452,"loc":{"start":{"line":452,"column":2},"end":{"line":454,"column":2}}},"34":{"name":"approve","line":456,"loc":{"start":{"line":456,"column":2},"end":{"line":459,"column":2}}},"35":{"name":"transferFrom","line":462,"loc":{"start":{"line":462,"column":2},"end":{"line":467,"column":2}}},"36":{"name":"increaseAllowance","line":470,"loc":{"start":{"line":470,"column":2},"end":{"line":473,"column":2}}},"37":{"name":"decreaseAllowance","line":476,"loc":{"start":{"line":476,"column":2},"end":{"line":479,"column":2}}},"38":{"name":"burn","line":482,"loc":{"start":{"line":482,"column":2},"end":{"line":485,"column":2}}},"39":{"name":"_transfer","line":488,"loc":{"start":{"line":488,"column":2},"end":{"line":495,"column":2}}},"40":{"name":"_mint","line":498,"loc":{"start":{"line":498,"column":2},"end":{"line":504,"column":2}}},"41":{"name":"_burn","line":507,"loc":{"start":{"line":507,"column":2},"end":{"line":513,"column":2}}},"42":{"name":"_approve","line":515,"loc":{"start":{"line":515,"column":2},"end":{"line":521,"column":2}}},"43":{"name":"_burnFrom","line":524,"loc":{"start":{"line":524,"column":2},"end":{"line":527,"column":2}}}},"statementMap":{"1":{"start":{"line":107,"column":4},"end":{"line":107,"column":31}},"2":{"start":{"line":112,"column":4},"end":{"line":112,"column":19}},"3":{"start":{"line":128,"column":4},"end":{"line":128,"column":21}},"4":{"start":{"line":129,"column":4},"end":{"line":129,"column":49}},"5":{"start":{"line":131,"column":4},"end":{"line":131,"column":12}},"6":{"start":{"line":136,"column":4},"end":{"line":136,"column":54}},"7":{"start":{"line":141,"column":4},"end":{"line":141,"column":32}},"8":{"start":{"line":142,"column":4},"end":{"line":142,"column":21}},"9":{"start":{"line":144,"column":4},"end":{"line":144,"column":12}},"10":{"start":{"line":152,"column":4},"end":{"line":152,"column":4559}},"11":{"start":{"line":153,"column":6},"end":{"line":153,"column":14}},"12":{"start":{"line":156,"column":4},"end":{"line":156,"column":21}},"13":{"start":{"line":157,"column":4},"end":{"line":157,"column":59}},"14":{"start":{"line":159,"column":4},"end":{"line":159,"column":12}},"15":{"start":{"line":164,"column":4},"end":{"line":164,"column":50}},"16":{"start":{"line":170,"column":4},"end":{"line":170,"column":31}},"17":{"start":{"line":171,"column":4},"end":{"line":171,"column":21}},"18":{"start":{"line":174,"column":4},"end":{"line":174,"column":12}},"19":{"start":{"line":179,"column":4},"end":{"line":179,"column":48}},"20":{"start":{"line":184,"column":4},"end":{"line":184,"column":32}},"21":{"start":{"line":185,"column":4},"end":{"line":185,"column":16}},"22":{"start":{"line":199,"column":4},"end":{"line":199,"column":36}},"23":{"start":{"line":201,"column":4},"end":{"line":201,"column":52}},"24":{"start":{"line":208,"column":4},"end":{"line":208,"column":17}},"25":{"start":{"line":215,"column":4},"end":{"line":215,"column":70}},"26":{"start":{"line":227,"column":4},"end":{"line":227,"column":49}},"27":{"start":{"line":236,"column":4},"end":{"line":236,"column":31}},"28":{"start":{"line":243,"column":4},"end":{"line":243,"column":76}},"29":{"start":{"line":244,"column":4},"end":{"line":244,"column":47}},"30":{"start":{"line":254,"column":8},"end":{"line":254,"column":24}},"31":{"start":{"line":255,"column":8},"end":{"line":255,"column":7682}},"32":{"start":{"line":261,"column":8},"end":{"line":261,"column":59}},"33":{"start":{"line":265,"column":8},"end":{"line":265,"column":8007}},"34":{"start":{"line":271,"column":8},"end":{"line":271,"column":60}},"35":{"start":{"line":272,"column":8},"end":{"line":272,"column":8271}},"36":{"start":{"line":300,"column":8},"end":{"line":300,"column":75}},"37":{"start":{"line":314,"column":8},"end":{"line":314,"column":68}},"38":{"start":{"line":333,"column":8},"end":{"line":333,"column":10351}},"39":{"start":{"line":354,"column":8},"end":{"line":354,"column":10995}},"40":{"start":{"line":358,"column":8},"end":{"line":358,"column":72}},"41":{"start":{"line":367,"column":8},"end":{"line":367,"column":67}},"42":{"start":{"line":370,"column":8},"end":{"line":370,"column":11573}},"43":{"start":{"line":372,"column":8},"end":{"line":372,"column":11635}},"44":{"start":{"line":373,"column":12},"end":{"line":373,"column":29}},"45":{"start":{"line":376,"column":12},"end":{"line":376,"column":11784}},"46":{"start":{"line":385,"column":16},"end":{"line":385,"column":35}},"47":{"start":{"line":413,"column":4},"end":{"line":413,"column":55}},"48":{"start":{"line":417,"column":8},"end":{"line":417,"column":24}},"49":{"start":{"line":421,"column":4},"end":{"line":421,"column":20}},"50":{"start":{"line":426,"column":4},"end":{"line":426,"column":18}},"51":{"start":{"line":431,"column":4},"end":{"line":431,"column":16}},"52":{"start":{"line":436,"column":4},"end":{"line":436,"column":23}},"53":{"start":{"line":443,"column":4},"end":{"line":443,"column":29}},"54":{"start":{"line":447,"column":4},"end":{"line":447,"column":45}},"55":{"start":{"line":448,"column":4},"end":{"line":448,"column":15}},"56":{"start":{"line":453,"column":4},"end":{"line":453,"column":38}},"57":{"start":{"line":457,"column":4},"end":{"line":457,"column":42}},"58":{"start":{"line":458,"column":4},"end":{"line":458,"column":15}},"59":{"start":{"line":463,"column":4},"end":{"line":463,"column":118}},"60":{"start":{"line":464,"column":4},"end":{"line":464,"column":39}},"61":{"start":{"line":466,"column":4},"end":{"line":466,"column":15}},"62":{"start":{"line":471,"column":4},"end":{"line":471,"column":86}},"63":{"start":{"line":472,"column":4},"end":{"line":472,"column":15}},"64":{"start":{"line":477,"column":4},"end":{"line":477,"column":126}},"65":{"start":{"line":478,"column":4},"end":{"line":478,"column":15}},"66":{"start":{"line":483,"column":4},"end":{"line":483,"column":30}},"67":{"start":{"line":484,"column":4},"end":{"line":484,"column":15}},"68":{"start":{"line":489,"column":4},"end":{"line":489,"column":67}},"69":{"start":{"line":490,"column":4},"end":{"line":490,"column":68}},"70":{"start":{"line":494,"column":4},"end":{"line":494,"column":44}},"71":{"start":{"line":499,"column":4},"end":{"line":499,"column":62}},"72":{"start":{"line":503,"column":4},"end":{"line":503,"column":46}},"73":{"start":{"line":508,"column":4},"end":{"line":508,"column":63}},"74":{"start":{"line":512,"column":4},"end":{"line":512,"column":46}},"75":{"start":{"line":516,"column":4},"end":{"line":516,"column":67}},"76":{"start":{"line":517,"column":4},"end":{"line":517,"column":67}},"77":{"start":{"line":520,"column":4},"end":{"line":520,"column":41}},"78":{"start":{"line":525,"column":4},"end":{"line":525,"column":25}},"79":{"start":{"line":526,"column":4},"end":{"line":526,"column":117}}},"branchMap":{"1":{"line":129,"type":"if","locations":[{"start":{"line":129,"column":4},"end":{"line":129,"column":4}},{"start":{"line":129,"column":4},"end":{"line":129,"column":4}}]},"2":{"line":141,"type":"if","locations":[{"start":{"line":141,"column":4},"end":{"line":141,"column":4}},{"start":{"line":141,"column":4},"end":{"line":141,"column":4}}]},"3":{"line":152,"type":"if","locations":[{"start":{"line":152,"column":4},"end":{"line":152,"column":4}},{"start":{"line":152,"column":4},"end":{"line":152,"column":4}}]},"4":{"line":157,"type":"if","locations":[{"start":{"line":157,"column":4},"end":{"line":157,"column":4}},{"start":{"line":157,"column":4},"end":{"line":157,"column":4}}]},"5":{"line":170,"type":"if","locations":[{"start":{"line":170,"column":4},"end":{"line":170,"column":4}},{"start":{"line":170,"column":4},"end":{"line":170,"column":4}}]},"6":{"line":184,"type":"if","locations":[{"start":{"line":184,"column":4},"end":{"line":184,"column":4}},{"start":{"line":184,"column":4},"end":{"line":184,"column":4}}]},"7":{"line":215,"type":"if","locations":[{"start":{"line":215,"column":4},"end":{"line":215,"column":4}},{"start":{"line":215,"column":4},"end":{"line":215,"column":4}}]},"8":{"line":226,"type":"if","locations":[{"start":{"line":226,"column":38},"end":{"line":226,"column":38}},{"start":{"line":226,"column":38},"end":{"line":226,"column":38}}]},"9":{"line":235,"type":"if","locations":[{"start":{"line":235,"column":54},"end":{"line":235,"column":54}},{"start":{"line":235,"column":54},"end":{"line":235,"column":54}}]},"10":{"line":243,"type":"if","locations":[{"start":{"line":243,"column":4},"end":{"line":243,"column":4}},{"start":{"line":243,"column":4},"end":{"line":243,"column":4}}]},"11":{"line":265,"type":"if","locations":[{"start":{"line":265,"column":8},"end":{"line":265,"column":8}},{"start":{"line":265,"column":8},"end":{"line":265,"column":8}}]},"12":{"line":272,"type":"if","locations":[{"start":{"line":272,"column":8},"end":{"line":272,"column":8}},{"start":{"line":272,"column":8},"end":{"line":272,"column":8}}]},"13":{"line":354,"type":"if","locations":[{"start":{"line":354,"column":8},"end":{"line":354,"column":8}},{"start":{"line":354,"column":8},"end":{"line":354,"column":8}}]},"14":{"line":367,"type":"if","locations":[{"start":{"line":367,"column":8},"end":{"line":367,"column":8}},{"start":{"line":367,"column":8},"end":{"line":367,"column":8}}]},"15":{"line":372,"type":"if","locations":[{"start":{"line":372,"column":8},"end":{"line":372,"column":8}},{"start":{"line":372,"column":8},"end":{"line":372,"column":8}}]},"16":{"line":376,"type":"if","locations":[{"start":{"line":376,"column":12},"end":{"line":376,"column":12}},{"start":{"line":376,"column":12},"end":{"line":376,"column":12}}]},"17":{"line":416,"type":"if","locations":[{"start":{"line":416,"column":51},"end":{"line":416,"column":51}},{"start":{"line":416,"column":51},"end":{"line":416,"column":51}}]},"18":{"line":489,"type":"if","locations":[{"start":{"line":489,"column":4},"end":{"line":489,"column":4}},{"start":{"line":489,"column":4},"end":{"line":489,"column":4}}]},"19":{"line":490,"type":"if","locations":[{"start":{"line":490,"column":4},"end":{"line":490,"column":4}},{"start":{"line":490,"column":4},"end":{"line":490,"column":4}}]},"20":{"line":499,"type":"if","locations":[{"start":{"line":499,"column":4},"end":{"line":499,"column":4}},{"start":{"line":499,"column":4},"end":{"line":499,"column":4}}]},"21":{"line":508,"type":"if","locations":[{"start":{"line":508,"column":4},"end":{"line":508,"column":4}},{"start":{"line":508,"column":4},"end":{"line":508,"column":4}}]},"22":{"line":516,"type":"if","locations":[{"start":{"line":516,"column":4},"end":{"line":516,"column":4}},{"start":{"line":516,"column":4},"end":{"line":516,"column":4}}]},"23":{"line":517,"type":"if","locations":[{"start":{"line":517,"column":4},"end":{"line":517,"column":4}},{"start":{"line":517,"column":4},"end":{"line":517,"column":4}}]}}},
"contracts\\ERC721r.sol":{"l":{"42":3,"43":3,"44":3,"45":3,"52":0,"59":1,"63":1,"67":0,"68":0,"72":3,"73":3,"74":18,"76":3,"83":4,"84":4,"90":0,"91":0,"92":0,"98":0,"104":0,"110":0,"111":0,"112":0,"120":0,"126":0,"127":0,"128":0,"132":0,"138":0,"139":0,"145":0,"151":0,"162":0,"163":0,"173":0,"184":0,"185":0,"211":0,"212":0,"223":0,"233":0,"234":0,"235":0,"238":23,"240":23,"242":23,"244":23,"247":3,"248":3,"249":3,"252":3,"254":3,"255":3,"256":18,"258":18,"259":18,"260":18,"263":3,"264":3,"271":18,"285":18,"286":18,"293":23,"294":23,"295":23,"297":21,"300":2,"302":23,"303":23,"304":23,"307":23,"309":23,"312":0,"315":23,"317":0,"320":23,"326":5,"327":5,"328":5,"330":5,"331":5,"333":5,"335":5,"353":0,"354":0,"355":0,"357":0,"358":0,"359":0,"360":0,"361":0,"362":0,"370":0,"371":0,"383":0,"384":0,"385":0,"403":0,"404":0,"405":0,"407":0,"408":0,"410":0,"416":0,"457":0,"458":0,"460":0,"462":0,"463":0,"466":0,"468":0,"469":0,"470":0,"474":0,"475":0,"476":0},"path":"C:\\Users\\Admin\\Desktop\\company\\Camel game\\Camel contract\\Camel contract\\NFT Contract Testing\\contracts\\ERC721r.sol","s":{"1":0,"2":1,"3":1,"4":3,"5":3,"6":4,"7":4,"8":0,"9":0,"10":0,"11":0,"12":0,"13":0,"14":0,"15":0,"16":0,"17":0,"18":0,"19":0,"20":0,"21":0,"22":0,"23":0,"24":0,"25":0,"26":0,"27":0,"28":0,"29":0,"30":0,"31":0,"32":0,"33":0,"34":0,"35":0,"36":23,"37":23,"38":23,"39":3,"40":3,"41":3,"42":3,"43":3,"44":3,"45":18,"46":18,"47":18,"48":18,"49":18,"50":18,"51":23,"52":23,"53":23,"54":23,"55":23,"56":23,"57":23,"58":23,"59":23,"60":5,"61":5,"62":5,"63":5,"64":5,"65":0,"66":0,"67":0,"68":0,"69":0,"70":0,"71":0,"72":0,"73":0,"74":0,"75":0,"76":0,"77":0,"78":0,"79":0,"80":0,"81":0,"82":0,"83":0,"84":0,"85":0},"b":{"1":[0,0],"2":[0,0],"3":[0,0],"4":[4,0],"5":[0,0],"6":[0,0],"7":[0,0],"8":[0,0],"9":[0,0],"10":[0,0],"11":[0,0],"12":[0,0],"13":[0,0],"14":[0,0],"15":[0,0],"16":[0,0],"17":[0,0],"18":[3,0],"19":[3,0],"20":[3,0],"21":[3,0],"22":[21,2],"23":[23,0],"24":[23,0],"25":[0,23],"26":[5,0],"27":[5,0],"28":[5,0],"29":[0,0],"30":[0,0],"31":[0,0],"32":[0,0],"33":[0,0],"34":[0,0]},"f":{"1":3,"2":0,"3":1,"4":1,"5":0,"6":3,"7":4,"8":0,"9":0,"10":0,"11":0,"12":0,"13":0,"14":0,"15":0,"16":0,"17":0,"18":0,"19":0,"20":0,"21":0,"22":0,"23":23,"24":3,"25":18,"26":23,"27":5,"28":0,"29":0,"30":0,"31":0,"32":23,"33":23,"34":0,"35":0},"fnMap":{"1":{"name":"constructor","line":41,"loc":{"start":{"line":41,"column":4},"end":{"line":46,"column":4}}},"2":{"name":"supportsInterface","line":51,"loc":{"start":{"line":51,"column":4},"end":{"line":56,"column":4}}},"3":{"name":"totalSupply","line":58,"loc":{"start":{"line":58,"column":4},"end":{"line":60,"column":4}}},"4":{"name":"maxSupply","line":62,"loc":{"start":{"line":62,"column":4},"end":{"line":64,"column":4}}},"5":{"name":"updateMaxSupply","line":66,"loc":{"start":{"line":66,"column":5},"end":{"line":69,"column":4}}},"6":{"name":"getUserTokenIDS","line":71,"loc":{"start":{"line":71,"column":7},"end":{"line":77,"column":4}}},"7":{"name":"balanceOf","line":82,"loc":{"start":{"line":82,"column":4},"end":{"line":85,"column":4}}},"8":{"name":"ownerOf","line":89,"loc":{"start":{"line":89,"column":4},"end":{"line":93,"column":4}}},"9":{"name":"name","line":97,"loc":{"start":{"line":97,"column":4},"end":{"line":99,"column":4}}},"10":{"name":"symbol","line":103,"loc":{"start":{"line":103,"column":4},"end":{"line":105,"column":4}}},"11":{"name":"tokenURI","line":109,"loc":{"start":{"line":109,"column":4},"end":{"line":113,"column":4}}},"12":{"name":"_baseURI","line":119,"loc":{"start":{"line":119,"column":4},"end":{"line":121,"column":4}}},"13":{"name":"approve","line":125,"loc":{"start":{"line":125,"column":4},"end":{"line":133,"column":4}}},"14":{"name":"getApproved","line":137,"loc":{"start":{"line":137,"column":4},"end":{"line":140,"column":4}}},"15":{"name":"setApprovalForAll","line":144,"loc":{"start":{"line":144,"column":4},"end":{"line":146,"column":4}}},"16":{"name":"isApprovedForAll","line":150,"loc":{"start":{"line":150,"column":4},"end":{"line":152,"column":4}}},"17":{"name":"transferFrom","line":156,"loc":{"start":{"line":156,"column":4},"end":{"line":164,"column":4}}},"18":{"name":"safeTransferFrom","line":168,"loc":{"start":{"line":168,"column":4},"end":{"line":174,"column":4}}},"19":{"name":"safeTransferFrom","line":178,"loc":{"start":{"line":178,"column":4},"end":{"line":186,"column":4}}},"20":{"name":"_safeTransfer","line":205,"loc":{"start":{"line":205,"column":4},"end":{"line":213,"column":4}}},"21":{"name":"_exists","line":222,"loc":{"start":{"line":222,"column":4},"end":{"line":224,"column":4}}},"22":{"name":"_isApprovedOrOwner","line":232,"loc":{"start":{"line":232,"column":4},"end":{"line":236,"column":4}}},"23":{"name":"_mintIdWithoutBalanceUpdate","line":237,"loc":{"start":{"line":237,"column":4},"end":{"line":245,"column":4}}},"24":{"name":"_mintRandom","line":246,"loc":{"start":{"line":246,"column":4},"end":{"line":265,"column":4}}},"25":{"name":"getRandomAvailableTokenId","line":267,"loc":{"start":{"line":267,"column":4},"end":{"line":287,"column":4}}},"26":{"name":"getAvailableTokenAtIndex","line":289,"loc":{"start":{"line":289,"column":4},"end":{"line":321,"column":4}}},"27":{"name":"_mintAtIndex","line":325,"loc":{"start":{"line":325,"column":4},"end":{"line":336,"column":4}}},"28":{"name":"_transfer","line":348,"loc":{"start":{"line":348,"column":4},"end":{"line":363,"column":4}}},"29":{"name":"_approve","line":369,"loc":{"start":{"line":369,"column":4},"end":{"line":372,"column":4}}},"30":{"name":"_setApprovalForAll","line":378,"loc":{"start":{"line":378,"column":4},"end":{"line":386,"column":4}}},"31":{"name":"_checkOnERC721Received","line":397,"loc":{"start":{"line":397,"column":4},"end":{"line":418,"column":4}}},"32":{"name":"_beforeTokenTransfer","line":433,"loc":{"start":{"line":433,"column":4},"end":{"line":437,"column":24}}},"33":{"name":"_afterTokenTransfer","line":449,"loc":{"start":{"line":449,"column":4},"end":{"line":453,"column":24}}},"34":{"name":"_burn","line":456,"loc":{"start":{"line":456,"column":4},"end":{"line":471,"column":4}}},"35":{"name":"burn","line":472,"loc":{"start":{"line":472,"column":4},"end":{"line":477,"column":8}}}},"statementMap":{"1":{"start":{"line":52,"column":8},"end":{"line":52,"column":2286}},"2":{"start":{"line":59,"column":8},"end":{"line":59,"column":47}},"3":{"start":{"line":63,"column":8},"end":{"line":63,"column":25}},"4":{"start":{"line":72,"column":8},"end":{"line":72,"column":67}},"5":{"start":{"line":73,"column":8},"end":{"line":73,"column":3031}},"6":{"start":{"line":83,"column":8},"end":{"line":83,"column":81}},"7":{"start":{"line":84,"column":8},"end":{"line":84,"column":31}},"8":{"start":{"line":90,"column":8},"end":{"line":90,"column":40}},"9":{"start":{"line":91,"column":8},"end":{"line":91,"column":80}},"10":{"start":{"line":92,"column":8},"end":{"line":92,"column":20}},"11":{"start":{"line":98,"column":8},"end":{"line":98,"column":20}},"12":{"start":{"line":104,"column":8},"end":{"line":104,"column":22}},"13":{"start":{"line":110,"column":8},"end":{"line":110,"column":83}},"14":{"start":{"line":111,"column":8},"end":{"line":111,"column":42}},"15":{"start":{"line":112,"column":8},"end":{"line":112,"column":101}},"16":{"start":{"line":120,"column":8},"end":{"line":120,"column":17}},"17":{"start":{"line":126,"column":8},"end":{"line":126,"column":48}},"18":{"start":{"line":127,"column":8},"end":{"line":127,"column":64}},"19":{"start":{"line":128,"column":8},"end":{"line":128,"column":5081}},"20":{"start":{"line":132,"column":8},"end":{"line":132,"column":28}},"21":{"start":{"line":138,"column":8},"end":{"line":138,"column":80}},"22":{"start":{"line":139,"column":8},"end":{"line":139,"column":39}},"23":{"start":{"line":145,"column":8},"end":{"line":145,"column":59}},"24":{"start":{"line":151,"column":8},"end":{"line":151,"column":50}},"25":{"start":{"line":162,"column":8},"end":{"line":162,"column":110}},"26":{"start":{"line":163,"column":8},"end":{"line":163,"column":35}},"27":{"start":{"line":173,"column":8},"end":{"line":173,"column":46}},"28":{"start":{"line":184,"column":8},"end":{"line":184,"column":110}},"29":{"start":{"line":185,"column":8},"end":{"line":185,"column":46}},"30":{"start":{"line":211,"column":8},"end":{"line":211,"column":35}},"31":{"start":{"line":212,"column":8},"end":{"line":212,"column":118}},"32":{"start":{"line":223,"column":8},"end":{"line":223,"column":45}},"33":{"start":{"line":233,"column":8},"end":{"line":233,"column":80}},"34":{"start":{"line":234,"column":8},"end":{"line":234,"column":48}},"35":{"start":{"line":235,"column":8},"end":{"line":235,"column":104}},"36":{"start":{"line":238,"column":8},"end":{"line":238,"column":52}},"37":{"start":{"line":242,"column":8},"end":{"line":242,"column":46}},"38":{"start":{"line":244,"column":8},"end":{"line":244,"column":51}},"39":{"start":{"line":247,"column":8},"end":{"line":247,"column":66}},"40":{"start":{"line":248,"column":8},"end":{"line":248,"column":68}},"41":{"start":{"line":249,"column":8},"end":{"line":249,"column":74}},"42":{"start":{"line":252,"column":8},"end":{"line":252,"column":96}},"43":{"start":{"line":254,"column":8},"end":{"line":254,"column":60}},"44":{"start":{"line":255,"column":8},"end":{"line":255,"column":10129}},"45":{"start":{"line":256,"column":12},"end":{"line":256,"column":86}},"46":{"start":{"line":258,"column":12},"end":{"line":258,"column":51}},"47":{"start":{"line":259,"column":12},"end":{"line":259,"column":41}},"48":{"start":{"line":271,"column":8},"end":{"line":271,"column":10718}},"49":{"start":{"line":285,"column":8},"end":{"line":285,"column":67}},"50":{"start":{"line":286,"column":8},"end":{"line":286,"column":79}},"51":{"start":{"line":293,"column":8},"end":{"line":293,"column":57}},"52":{"start":{"line":294,"column":8},"end":{"line":294,"column":22}},"53":{"start":{"line":295,"column":8},"end":{"line":295,"column":11655}},"54":{"start":{"line":302,"column":8},"end":{"line":302,"column":57}},"55":{"start":{"line":303,"column":8},"end":{"line":303,"column":60}},"56":{"start":{"line":304,"column":8},"end":{"line":304,"column":12080}},"57":{"start":{"line":307,"column":12},"end":{"line":307,"column":12335}},"58":{"start":{"line":315,"column":8},"end":{"line":315,"column":12719}},"59":{"start":{"line":320,"column":8},"end":{"line":320,"column":21}},"60":{"start":{"line":326,"column":8},"end":{"line":326,"column":66}},"61":{"start":{"line":327,"column":8},"end":{"line":327,"column":68}},"62":{"start":{"line":328,"column":8},"end":{"line":328,"column":87}},"63":{"start":{"line":330,"column":8},"end":{"line":330,"column":75}},"64":{"start":{"line":333,"column":8},"end":{"line":333,"column":47}},"65":{"start":{"line":353,"column":8},"end":{"line":353,"column":89}},"66":{"start":{"line":354,"column":8},"end":{"line":354,"column":72}},"67":{"start":{"line":355,"column":8},"end":{"line":355,"column":46}},"68":{"start":{"line":357,"column":8},"end":{"line":357,"column":36}},"69":{"start":{"line":361,"column":8},"end":{"line":361,"column":40}},"70":{"start":{"line":362,"column":8},"end":{"line":362,"column":45}},"71":{"start":{"line":371,"column":8},"end":{"line":371,"column":60}},"72":{"start":{"line":383,"column":8},"end":{"line":383,"column":62}},"73":{"start":{"line":385,"column":8},"end":{"line":385,"column":54}},"74":{"start":{"line":403,"column":8},"end":{"line":403,"column":16017}},"75":{"start":{"line":404,"column":12},"end":{"line":404,"column":16057}},"76":{"start":{"line":405,"column":16},"end":{"line":405,"column":74}},"77":{"start":{"line":407,"column":16},"end":{"line":407,"column":16303}},"78":{"start":{"line":408,"column":20},"end":{"line":408,"column":79}},"79":{"start":{"line":416,"column":12},"end":{"line":416,"column":23}},"80":{"start":{"line":457,"column":8},"end":{"line":457,"column":48}},"81":{"start":{"line":458,"column":8},"end":{"line":458,"column":55}},"82":{"start":{"line":469,"column":8},"end":{"line":469,"column":49}},"83":{"start":{"line":470,"column":8},"end":{"line":470,"column":54}},"84":{"start":{"line":474,"column":8},"end":{"line":474,"column":106}},"85":{"start":{"line":475,"column":8},"end":{"line":475,"column":21}}},"branchMap":{"1":{"line":53,"type":"cond-expr","locations":[{"start":{"line":53,"column":12},"end":{"line":53,"column":51}},{"start":{"line":54,"column":12},"end":{"line":54,"column":59}}]},"2":{"line":53,"type":"cond-expr","locations":[{"start":{"line":53,"column":12},"end":{"line":54,"column":59}},{"start":{"line":55,"column":12},"end":{"line":55,"column":47}}]},"3":{"line":66,"type":"if","locations":[{"start":{"line":66,"column":54},"end":{"line":66,"column":54}},{"start":{"line":66,"column":54},"end":{"line":66,"column":54}}]},"4":{"line":83,"type":"if","locations":[{"start":{"line":83,"column":8},"end":{"line":83,"column":8}},{"start":{"line":83,"column":8},"end":{"line":83,"column":8}}]},"5":{"line":91,"type":"if","locations":[{"start":{"line":91,"column":8},"end":{"line":91,"column":8}},{"start":{"line":91,"column":8},"end":{"line":91,"column":8}}]},"6":{"line":110,"type":"if","locations":[{"start":{"line":110,"column":8},"end":{"line":110,"column":8}},{"start":{"line":110,"column":8},"end":{"line":110,"column":8}}]},"7":{"line":112,"type":"if","locations":[{"start":{"line":112,"column":43},"end":{"line":112,"column":95}},{"start":{"line":112,"column":99},"end":{"line":112,"column":100}}]},"8":{"line":127,"type":"if","locations":[{"start":{"line":127,"column":8},"end":{"line":127,"column":8}},{"start":{"line":127,"column":8},"end":{"line":127,"column":8}}]},"9":{"line":128,"type":"if","locations":[{"start":{"line":128,"column":8},"end":{"line":128,"column":8}},{"start":{"line":128,"column":8},"end":{"line":128,"column":8}}]},"10":{"line":129,"type":"cond-expr","locations":[{"start":{"line":129,"column":12},"end":{"line":129,"column":32}},{"start":{"line":129,"column":37},"end":{"line":129,"column":73}}]},"11":{"line":138,"type":"if","locations":[{"start":{"line":138,"column":8},"end":{"line":138,"column":8}},{"start":{"line":138,"column":8},"end":{"line":138,"column":8}}]},"12":{"line":162,"type":"if","locations":[{"start":{"line":162,"column":8},"end":{"line":162,"column":8}},{"start":{"line":162,"column":8},"end":{"line":162,"column":8}}]},"13":{"line":184,"type":"if","locations":[{"start":{"line":184,"column":8},"end":{"line":184,"column":8}},{"start":{"line":184,"column":8},"end":{"line":184,"column":8}}]},"14":{"line":212,"type":"if","locations":[{"start":{"line":212,"column":8},"end":{"line":212,"column":8}},{"start":{"line":212,"column":8},"end":{"line":212,"column":8}}]},"15":{"line":233,"type":"if","locations":[{"start":{"line":233,"column":8},"end":{"line":233,"column":8}},{"start":{"line":233,"column":8},"end":{"line":233,"column":8}}]},"16":{"line":235,"type":"cond-expr","locations":[{"start":{"line":235,"column":16},"end":{"line":235,"column":31}},{"start":{"line":235,"column":36},"end":{"line":235,"column":66}}]},"17":{"line":235,"type":"cond-expr","locations":[{"start":{"line":235,"column":16},"end":{"line":235,"column":66}},{"start":{"line":235,"column":71},"end":{"line":235,"column":102}}]},"18":{"line":247,"type":"if","locations":[{"start":{"line":247,"column":8},"end":{"line":247,"column":8}},{"start":{"line":247,"column":8},"end":{"line":247,"column":8}}]},"19":{"line":248,"type":"if","locations":[{"start":{"line":248,"column":8},"end":{"line":248,"column":8}},{"start":{"line":248,"column":8},"end":{"line":248,"column":8}}]},"20":{"line":249,"type":"if","locations":[{"start":{"line":249,"column":8},"end":{"line":249,"column":8}},{"start":{"line":249,"column":8},"end":{"line":249,"column":8}}]},"21":{"line":252,"type":"if","locations":[{"start":{"line":252,"column":8},"end":{"line":252,"column":8}},{"start":{"line":252,"column":8},"end":{"line":252,"column":8}}]},"22":{"line":295,"type":"if","locations":[{"start":{"line":295,"column":8},"end":{"line":295,"column":8}},{"start":{"line":295,"column":8},"end":{"line":295,"column":8}}]},"23":{"line":304,"type":"if","locations":[{"start":{"line":304,"column":8},"end":{"line":304,"column":8}},{"start":{"line":304,"column":8},"end":{"line":304,"column":8}}]},"24":{"line":307,"type":"if","locations":[{"start":{"line":307,"column":12},"end":{"line":307,"column":12}},{"start":{"line":307,"column":12},"end":{"line":307,"column":12}}]},"25":{"line":315,"type":"if","locations":[{"start":{"line":315,"column":8},"end":{"line":315,"column":8}},{"start":{"line":315,"column":8},"end":{"line":315,"column":8}}]},"26":{"line":326,"type":"if","locations":[{"start":{"line":326,"column":8},"end":{"line":326,"column":8}},{"start":{"line":326,"column":8},"end":{"line":326,"column":8}}]},"27":{"line":327,"type":"if","locations":[{"start":{"line":327,"column":8},"end":{"line":327,"column":8}},{"start":{"line":327,"column":8},"end":{"line":327,"column":8}}]},"28":{"line":328,"type":"if","locations":[{"start":{"line":328,"column":8},"end":{"line":328,"column":8}},{"start":{"line":328,"column":8},"end":{"line":328,"column":8}}]},"29":{"line":353,"type":"if","locations":[{"start":{"line":353,"column":8},"end":{"line":353,"column":8}},{"start":{"line":353,"column":8},"end":{"line":353,"column":8}}]},"30":{"line":354,"type":"if","locations":[{"start":{"line":354,"column":8},"end":{"line":354,"column":8}},{"start":{"line":354,"column":8},"end":{"line":354,"column":8}}]},"31":{"line":383,"type":"if","locations":[{"start":{"line":383,"column":8},"end":{"line":383,"column":8}},{"start":{"line":383,"column":8},"end":{"line":383,"column":8}}]},"32":{"line":403,"type":"if","locations":[{"start":{"line":403,"column":8},"end":{"line":403,"column":8}},{"start":{"line":403,"column":8},"end":{"line":403,"column":8}}]},"33":{"line":407,"type":"if","locations":[{"start":{"line":407,"column":16},"end":{"line":407,"column":16}},{"start":{"line":407,"column":16},"end":{"line":407,"column":16}}]},"34":{"line":474,"type":"if","locations":[{"start":{"line":474,"column":8},"end":{"line":474,"column":8}},{"start":{"line":474,"column":8},"end":{"line":474,"column":8}}]}}}}
