TN:
SF:C:\Users\Admin\Desktop\company\Camel game\Camel contract\Camel contract\NFT Contract Testing\contracts\camel.sol
FN:14,constructor
FN:19,setTokenAddress
FN:22,setPrice
FN:25,setBaseURI
FN:29,mint
FN:45,reserve
FN:52,_baseURI
FN:56,withdraw
FNF:8
FNH:7
FNDA:3,constructor
FNDA:1,setTokenAddress
FNDA:1,setPrice
FNDA:1,setBaseURI
FNDA:9,mint
FNDA:1,reserve
FNDA:0,_baseURI
FNDA:1,withdraw
DA:15,3
DA:16,3
DA:17,3
DA:20,1
DA:23,1
DA:26,1
DA:30,9
DA:31,3
DA:33,6
DA:34,6
DA:35,6
DA:36,1
DA:38,5
DA:40,2
DA:42,3
DA:43,3
DA:46,1
DA:47,5
DA:53,0
DA:57,1
DA:58,1
LF:21
LH:20
BRDA:19,1,0,1
BRDA:19,1,1,0
BRDA:22,2,0,1
BRDA:22,2,1,0
BRDA:25,3,0,1
BRDA:25,3,1,1
BRDA:30,4,0,3
BRDA:30,4,1,6
BRDA:30,5,0,1
BRDA:30,5,1,2
BRDA:35,6,0,1
BRDA:35,6,1,5
BRDA:38,7,0,2
BRDA:38,7,1,3
BRDA:45,8,0,1
BRDA:45,8,1,0
BRDA:56,9,0,1
BRDA:56,9,1,0
BRDA:56,10,0,1
BRDA:56,10,1,0
BRF:20
BRH:15
end_of_record
TN:
SF:C:\Users\Admin\Desktop\company\Camel game\Camel contract\Camel contract\NFT Contract Testing\contracts\ERC20.sol
FN:104,constructor
FN:106,_msgSender
FN:110,_msgData
FN:127,add
FN:135,sub
FN:140,sub
FN:148,mul
FN:163,div
FN:168,div
FN:178,mod
FN:183,mod
FN:198,constructor
FN:207,owner
FN:214,onlyOwner
FN:226,renounceOwnership
FN:235,transferOwnership
FN:242,_transferOwnership
FN:250,isContract
FN:264,sendValue
FN:296,functionCall
FN:309,functionCall
FN:328,functionCallWithValue
FN:348,functionCallWithValue
FN:361,_functionCallWithValue
FN:406,constructor
FN:416,mint
FN:420,decimals
FN:425,symbol
FN:430,name
FN:435,totalSupply
FN:442,balanceOf
FN:446,transfer
FN:452,allowance
FN:456,approve
FN:462,transferFrom
FN:470,increaseAllowance
FN:476,decreaseAllowance
FN:482,burn
FN:488,_transfer
FN:498,_mint
FN:507,_burn
FN:515,_approve
FN:524,_burnFrom
FNF:43
FNH:16
FNDA:3,constructor
FNDA:19,_msgSender
FNDA:0,_msgData
FNDA:9,add
FNDA:0,sub
FNDA:10,sub
FNDA:0,mul
FNDA:0,div
FNDA:0,div
FNDA:0,mod
FNDA:0,mod
FNDA:3,constructor
FNDA:0,owner
FNDA:1,onlyOwner
FNDA:0,renounceOwnership
FNDA:0,transferOwnership
FNDA:0,_transferOwnership
FNDA:0,isContract
FNDA:0,sendValue
FNDA:0,functionCall
FNDA:0,functionCall
FNDA:0,functionCallWithValue
FNDA:0,functionCallWithValue
FNDA:0,_functionCallWithValue
FNDA:3,constructor
FNDA:1,mint
FNDA:0,decimals
FNDA:0,symbol
FNDA:0,name
FNDA:0,totalSupply
FNDA:16,balanceOf
FNDA:4,transfer
FNDA:9,allowance
FNDA:5,approve
FNDA:3,transferFrom
FNDA:0,increaseAllowance
FNDA:0,decreaseAllowance
FNDA:0,burn
FNDA:7,_transfer
FNDA:1,_mint
FNDA:0,_burn
FNDA:8,_approve
FNDA:0,_burnFrom
DA:107,19
DA:111,0
DA:112,0
DA:128,9
DA:129,9
DA:131,9
DA:136,0
DA:141,10
DA:142,10
DA:144,10
DA:152,0
DA:153,0
DA:156,0
DA:157,0
DA:159,0
DA:164,0
DA:170,0
DA:171,0
DA:174,0
DA:179,0
DA:184,0
DA:185,0
DA:199,3
DA:200,3
DA:201,3
DA:208,0
DA:215,1
DA:216,1
DA:227,0
DA:228,0
DA:236,0
DA:243,0
DA:244,0
DA:245,0
DA:254,0
DA:255,0
DA:258,0
DA:261,0
DA:265,0
DA:271,0
DA:272,0
DA:300,0
DA:314,0
DA:333,0
DA:354,0
DA:358,0
DA:367,0
DA:370,0
DA:372,0
DA:373,0
DA:376,0
DA:380,0
DA:385,0
DA:407,3
DA:408,3
DA:409,3
DA:411,3
DA:413,3
DA:417,1
DA:421,0
DA:426,0
DA:431,0
DA:436,0
DA:443,16
DA:447,4
DA:448,4
DA:453,9
DA:457,5
DA:458,5
DA:463,3
DA:464,3
DA:466,3
DA:471,0
DA:472,0
DA:477,0
DA:478,0
DA:483,0
DA:484,0
DA:489,7
DA:490,7
DA:492,7
DA:493,7
DA:494,7
DA:499,1
DA:501,1
DA:502,1
DA:503,1
DA:508,0
DA:510,0
DA:511,0
DA:512,0
DA:516,8
DA:517,8
DA:519,8
DA:520,8
DA:525,0
DA:526,0
LF:97
LH:40
BRDA:129,1,0,9
BRDA:129,1,1,0
BRDA:141,2,0,10
BRDA:141,2,1,0
BRDA:152,3,0,0
BRDA:152,3,1,0
BRDA:157,4,0,0
BRDA:157,4,1,0
BRDA:170,5,0,0
BRDA:170,5,1,0
BRDA:184,6,0,0
BRDA:184,6,1,0
BRDA:215,7,0,1
BRDA:215,7,1,0
BRDA:226,8,0,0
BRDA:226,8,1,0
BRDA:235,9,0,0
BRDA:235,9,1,0
BRDA:243,10,0,0
BRDA:243,10,1,0
BRDA:265,11,0,0
BRDA:265,11,1,0
BRDA:272,12,0,0
BRDA:272,12,1,0
BRDA:354,13,0,0
BRDA:354,13,1,0
BRDA:367,14,0,0
BRDA:367,14,1,0
BRDA:372,15,0,0
BRDA:372,15,1,0
BRDA:376,16,0,0
BRDA:376,16,1,0
BRDA:416,17,0,1
BRDA:416,17,1,0
BRDA:489,18,0,7
BRDA:489,18,1,0
BRDA:490,19,0,7
BRDA:490,19,1,0
BRDA:499,20,0,1
BRDA:499,20,1,0
BRDA:508,21,0,0
BRDA:508,21,1,0
BRDA:516,22,0,8
BRDA:516,22,1,0
BRDA:517,23,0,8
BRDA:517,23,1,0
BRF:46
BRH:9
end_of_record
TN:
SF:C:\Users\Admin\Desktop\company\Camel game\Camel contract\Camel contract\NFT Contract Testing\contracts\ERC721r.sol
FN:41,constructor
FN:51,supportsInterface
FN:58,totalSupply
FN:62,maxSupply
FN:66,updateMaxSupply
FN:71,getUserTokenIDS
FN:82,balanceOf
FN:89,ownerOf
FN:97,name
FN:103,symbol
FN:109,tokenURI
FN:119,_baseURI
FN:125,approve
FN:137,getApproved
FN:144,setApprovalForAll
FN:150,isApprovedForAll
FN:156,transferFrom
FN:168,safeTransferFrom
FN:178,safeTransferFrom
FN:205,_safeTransfer
FN:222,_exists
FN:232,_isApprovedOrOwner
FN:237,_mintIdWithoutBalanceUpdate
FN:246,_mintRandom
FN:267,getRandomAvailableTokenId
FN:289,getAvailableTokenAtIndex
FN:325,_mintAtIndex
FN:348,_transfer
FN:369,_approve
FN:378,_setApprovalForAll
FN:397,_checkOnERC721Received
FN:433,_beforeTokenTransfer
FN:449,_afterTokenTransfer
FN:456,_burn
FN:472,burn
FNF:35
FNH:12
FNDA:3,constructor
FNDA:0,supportsInterface
FNDA:1,totalSupply
FNDA:1,maxSupply
FNDA:0,updateMaxSupply
FNDA:3,getUserTokenIDS
FNDA:4,balanceOf
FNDA:0,ownerOf
FNDA:0,name
FNDA:0,symbol
FNDA:0,tokenURI
FNDA:0,_baseURI
FNDA:0,approve
FNDA:0,getApproved
FNDA:0,setApprovalForAll
FNDA:0,isApprovedForAll
FNDA:0,transferFrom
FNDA:0,safeTransferFrom
FNDA:0,safeTransferFrom
FNDA:0,_safeTransfer
FNDA:0,_exists
FNDA:0,_isApprovedOrOwner
FNDA:23,_mintIdWithoutBalanceUpdate
FNDA:3,_mintRandom
FNDA:18,getRandomAvailableTokenId
FNDA:23,getAvailableTokenAtIndex
FNDA:5,_mintAtIndex
FNDA:0,_transfer
FNDA:0,_approve
FNDA:0,_setApprovalForAll
FNDA:0,_checkOnERC721Received
FNDA:23,_beforeTokenTransfer
FNDA:23,_afterTokenTransfer
FNDA:0,_burn
FNDA:0,burn
DA:42,3
DA:43,3
DA:44,3
DA:45,3
DA:52,0
DA:59,1
DA:63,1
DA:67,0
DA:68,0
DA:72,3
DA:73,3
DA:74,18
DA:76,3
DA:83,4
DA:84,4
DA:90,0
DA:91,0
DA:92,0
DA:98,0
DA:104,0
DA:110,0
DA:111,0
DA:112,0
DA:120,0
DA:126,0
DA:127,0
DA:128,0
DA:132,0
DA:138,0
DA:139,0
DA:145,0
DA:151,0
DA:162,0
DA:163,0
DA:173,0
DA:184,0
DA:185,0
DA:211,0
DA:212,0
DA:223,0
DA:233,0
DA:234,0
DA:235,0
DA:238,23
DA:240,23
DA:242,23
DA:244,23
DA:247,3
DA:248,3
DA:249,3
DA:252,3
DA:254,3
DA:255,3
DA:256,18
DA:258,18
DA:259,18
DA:260,18
DA:263,3
DA:264,3
DA:271,18
DA:285,18
DA:286,18
DA:293,23
DA:294,23
DA:295,23
DA:297,21
DA:300,2
DA:302,23
DA:303,23
DA:304,23
DA:307,23
DA:309,23
DA:312,0
DA:315,23
DA:317,0
DA:320,23
DA:326,5
DA:327,5
DA:328,5
DA:330,5
DA:331,5
DA:333,5
DA:335,5
DA:353,0
DA:354,0
DA:355,0
DA:357,0
DA:358,0
DA:359,0
DA:360,0
DA:361,0
DA:362,0
DA:370,0
DA:371,0
DA:383,0
DA:384,0
DA:385,0
DA:403,0
DA:404,0
DA:405,0
DA:407,0
DA:408,0
DA:410,0
DA:416,0
DA:457,0
DA:458,0
DA:460,0
DA:462,0
DA:463,0
DA:466,0
DA:468,0
DA:469,0
DA:470,0
DA:474,0
DA:475,0
DA:476,0
LF:116
LH:50
BRDA:53,1,0,0
BRDA:53,1,1,0
BRDA:53,2,0,0
BRDA:53,2,1,0
BRDA:66,3,0,0
BRDA:66,3,1,0
BRDA:83,4,0,4
BRDA:83,4,1,0
BRDA:91,5,0,0
BRDA:91,5,1,0
BRDA:110,6,0,0
BRDA:110,6,1,0
BRDA:112,7,0,0
BRDA:112,7,1,0
BRDA:127,8,0,0
BRDA:127,8,1,0
BRDA:128,9,0,0
BRDA:128,9,1,0
BRDA:129,10,0,0
BRDA:129,10,1,0
BRDA:138,11,0,0
BRDA:138,11,1,0
BRDA:162,12,0,0
BRDA:162,12,1,0
BRDA:184,13,0,0
BRDA:184,13,1,0
BRDA:212,14,0,0
BRDA:212,14,1,0
BRDA:233,15,0,0
BRDA:233,15,1,0
BRDA:235,16,0,0
BRDA:235,16,1,0
BRDA:235,17,0,0
BRDA:235,17,1,0
BRDA:247,18,0,3
BRDA:247,18,1,0
BRDA:248,19,0,3
BRDA:248,19,1,0
BRDA:249,20,0,3
BRDA:249,20,1,0
BRDA:252,21,0,3
BRDA:252,21,1,0
BRDA:295,22,0,21
BRDA:295,22,1,2
BRDA:304,23,0,23
BRDA:304,23,1,0
BRDA:307,24,0,23
BRDA:307,24,1,0
BRDA:315,25,0,0
BRDA:315,25,1,23
BRDA:326,26,0,5
BRDA:326,26,1,0
BRDA:327,27,0,5
BRDA:327,27,1,0
BRDA:328,28,0,5
BRDA:328,28,1,0
BRDA:353,29,0,0
BRDA:353,29,1,0
BRDA:354,30,0,0
BRDA:354,30,1,0
BRDA:383,31,0,0
BRDA:383,31,1,0
BRDA:403,32,0,0
BRDA:403,32,1,0
BRDA:407,33,0,0
BRDA:407,33,1,0
BRDA:474,34,0,0
BRDA:474,34,1,0
BRF:68
BRH:13
end_of_record
